<?xml version="1.0" encoding="UTF-8"?>
<!-- Generated by org.testng.reporters.JUnitReportReporter -->
<testsuite hostname="DESKTOP-EKREN5K" failures="0" tests="1" name="com.automation.TestNG.day4.TN_Register_All_Warnings_Assertions" time="12.543" errors="0" timestamp="2023-11-02T14:46:55 EDT" skipped="0">
  <testcase classname="com.automation.TestNG.day4.TN_Register_All_Warnings_Assertions" name="registerTest" time="12.543"/>
</testsuite> <!-- com.automation.TestNG.day4.TN_Register_All_Warnings_Assertions -->
