<?xml version="1.0" encoding="UTF-8"?>
<!-- Generated by org.testng.reporters.JUnitReportReporter -->
<testsuite hostname="DESKTOP-EKREN5K" failures="0" tests="5" name="com.automation.TestNG.day2.TriCombo" time="0.157" errors="0" timestamp="2023-10-19T14:51:38 EDT" skipped="0">
  <testcase classname="com.automation.TestNG.day2.TriCombo" name="tc2" time="0.031"/>
  <testcase classname="com.automation.TestNG.day2.TriCombo" name="tc3" time="0.027"/>
  <testcase classname="com.automation.TestNG.day2.TriCombo" name="tc1" time="0.040"/>
  <testcase classname="com.automation.TestNG.day2.TriCombo" name="tc5" time="0.028"/>
  <testcase classname="com.automation.TestNG.day2.TriCombo" name="tc4" time="0.031"/>
</testsuite> <!-- com.automation.TestNG.day2.TriCombo -->
