<?xml version="1.0" encoding="UTF-8"?>
<!-- Generated by org.testng.reporters.JUnitReportReporter -->
<testsuite hostname="DESKTOP-EKREN5K" failures="0" tests="4" name="com.automation.TestNG.day4.TestCases_Separate" time="54.226" errors="0" timestamp="2023-11-02T13:22:27 EDT" skipped="0">
  <testcase classname="com.automation.TestNG.day4.TestCases_Separate" name="loginTNTest" time="17.004"/>
  <testcase classname="com.automation.TestNG.day4.TestCases_Separate" name="loginTNTest" time="7.197"/>
  <testcase classname="com.automation.TestNG.day4.TestCases_Separate" name="loginRediffTest" time="17.186"/>
  <testcase classname="com.automation.TestNG.day4.TestCases_Separate" name="loginRediffTest" time="12.839"/>
</testsuite> <!-- com.automation.TestNG.day4.TestCases_Separate -->
