<?xml version="1.0" encoding="UTF-8"?>
<!-- Generated by org.testng.reporters.JUnitReportReporter -->
<testsuite hostname="DESKTOP-EKREN5K" failures="0" tests="2" name="com.automation.TestNG.day2.AutomationCode_TriCombo" time="24.768" errors="0" timestamp="2023-10-19T15:09:18 EDT" skipped="0">
  <testcase classname="com.automation.TestNG.day2.AutomationCode_TriCombo" name="loginTest" time="14.888"/>
  <testcase classname="com.automation.TestNG.day2.AutomationCode_TriCombo" name="logoutTest" time="9.880"/>
</testsuite> <!-- com.automation.TestNG.day2.AutomationCode_TriCombo -->
