<?xml version="1.0" encoding="UTF-8"?>
<!-- Generated by org.testng.reporters.JUnitReportReporter -->
<testsuite hostname="DESKTOP-EKREN5K" failures="0" tests="2" name="com.automation.TestNG.day1.Annotations_TestNG" time="0.129" errors="0" timestamp="2023-12-27T03:17:05 EST" skipped="0">
  <testcase classname="com.automation.TestNG.day1.Annotations_TestNG" name="testcase2" time="0.034"/>
  <testcase classname="com.automation.TestNG.day1.Annotations_TestNG" name="testcase1" time="0.095"/>
</testsuite> <!-- com.automation.TestNG.day1.Annotations_TestNG -->
