<?xml version="1.0" encoding="UTF-8"?>
<!-- Generated by org.testng.reporters.JUnitReportReporter -->
<testsuite hostname="DESKTOP-EKREN5K" failures="0" tests="1" name="com.automation.TestNG.day4.A" time="0.045" errors="0" timestamp="2023-12-27T03:29:01 EST" skipped="0">
  <testcase classname="com.automation.TestNG.day4.A" name="loginTest" time="0.045"/>
</testsuite> <!-- com.automation.TestNG.day4.A -->
