<?xml version="1.0" encoding="UTF-8"?>
<!-- Generated by org.testng.reporters.JUnitReportReporter -->
<testsuite hostname="DESKTOP-EKREN5K" failures="0" tests="1" name="com.automation_22_Aug_2023_DataDrivenTesting.TNLoginTestUsingPropertiesFile" time="27.015" errors="0" timestamp="2023-12-29T03:57:29 EST" skipped="0">
  <testcase classname="com.automation_22_Aug_2023_DataDrivenTesting.TNLoginTestUsingPropertiesFile" name="loginTest" time="27.015"/>
</testsuite> <!-- com.automation_22_Aug_2023_DataDrivenTesting.TNLoginTestUsingPropertiesFile -->
