<?xml version="1.0" encoding="UTF-8"?>
<!-- Generated by org.testng.reporters.JUnitReportReporter -->
<testsuite hostname="DESKTOP-EKREN5K" failures="0" tests="2" name="com.automation.TestNG.day1.Annotations_TestNG" time="0.026" errors="0" timestamp="2023-10-13T12:40:46 EDT" skipped="0">
  <testcase classname="com.automation.TestNG.day1.Annotations_TestNG" name="testcase1" time="0.018"/>
  <testcase classname="com.automation.TestNG.day1.Annotations_TestNG" name="testcase2" time="0.008"/>
</testsuite> <!-- com.automation.TestNG.day1.Annotations_TestNG -->
