<?xml version="1.0" encoding="UTF-8"?>
<!-- Generated by org.testng.reporters.JUnitReportReporter -->
<testsuite hostname="DESKTOP-EKREN5K" failures="0" tests="5" name="com.automation.TestNG.day4.DataProvider_TN" time="42.877" errors="0" timestamp="2023-10-24T19:14:41 EDT" skipped="0">
  <testcase classname="com.automation.TestNG.day4.DataProvider_TN" name="loginTNTest" time="8.269"/>
  <testcase classname="com.automation.TestNG.day4.DataProvider_TN" name="loginTNTest" time="7.186"/>
  <testcase classname="com.automation.TestNG.day4.DataProvider_TN" name="loginTNTest" time="7.258"/>
  <testcase classname="com.automation.TestNG.day4.DataProvider_TN" name="loginTNTest" time="7.852"/>
  <testcase classname="com.automation.TestNG.day4.DataProvider_TN" name="loginTNTest" time="12.312"/>
</testsuite> <!-- com.automation.TestNG.day4.DataProvider_TN -->
