<?xml version="1.0" encoding="UTF-8"?>
<!-- Generated by org.testng.reporters.JUnitReportReporter -->
<testsuite hostname="DESKTOP-EKREN5K" failures="0" tests="4" name="com.automation.day6.Validation_Techniques.Integrating_All_Validations" time="40.447" errors="0" timestamp="2023-10-16T12:39:29 EDT" skipped="0">
  <testcase classname="com.automation.day6.Validation_Techniques.Integrating_All_Validations" name="rediffPositive" time="14.165"/>
  <testcase classname="com.automation.day6.Validation_Techniques.Integrating_All_Validations" name="rediffNegative" time="12.871"/>
  <testcase classname="com.automation.day6.Validation_Techniques.Integrating_All_Validations" name="tutorialsNinjaPositive" time="6.946"/>
  <testcase classname="com.automation.day6.Validation_Techniques.Integrating_All_Validations" name="tutorialsNinjaNegative" time="6.465"/>
</testsuite> <!-- com.automation.day6.Validation_Techniques.Integrating_All_Validations -->
